<?xml version="1.0" encoding="UTF-8"?>
<!-- Generated by org.testng.reporters.JUnitReportReporter -->
<testsuite hostname="DESKTOP-81ARGGN" failures="0" tests="1" name="com.google.openemrtest.AddpatientpageTest" time="61.980" errors="0" timestamp="2021-06-23T19:46:39 IST" skipped="0">
  <testcase classname="com.google.openemrtest.AddpatientpageTest" name="AddpatientEmrpageTest" time="61.980"/>
  <system-out/>
</testsuite> <!-- com.google.openemrtest.AddpatientpageTest -->
