<?xml version="1.0" encoding="UTF-8"?>
<!-- Generated by org.testng.reporters.JUnitReportReporter -->
<testsuite hostname="DESKTOP-81ARGGN" failures="0" tests="1" name="com.google.openemrtest.MainpageTest" time="15.019" errors="0" timestamp="2021-06-18T19:49:52 IST" skipped="0">
  <testcase classname="com.google.openemrtest.MainpageTest" name="patientsMenuTest" time="15.019"/>
  <system-out/>
</testsuite> <!-- com.google.openemrtest.MainpageTest -->
