<?xml version="1.0" encoding="UTF-8"?>
<!-- Generated by org.testng.reporters.JUnitReportReporter -->
<testsuite hostname="DESKTOP-81ARGGN" failures="0" tests="1" name="com.google.openemrtest.AddpatientpageTest" time="60.105" errors="0" timestamp="2021-06-18T20:33:44 IST" skipped="0">
  <testcase classname="com.google.openemrtest.AddpatientpageTest" name="AddpatientEmrpageTest" time="60.105"/>
  <system-out/>
</testsuite> <!-- com.google.openemrtest.AddpatientpageTest -->
