<?xml version="1.0" encoding="UTF-8"?>
<!-- Generated by org.testng.reporters.JUnitReportReporter -->
<testsuite hostname="DESKTOP-81ARGGN" failures="0" tests="1" name="com.google.openemrtest.LoginTest" time="60.136" errors="0" timestamp="2021-06-18T19:40:11 IST" skipped="0">
  <testcase classname="com.google.openemrtest.LoginTest" name="loginEmrPageTest" time="60.136"/>
  <system-out/>
</testsuite> <!-- com.google.openemrtest.LoginTest -->
