<?xml version="1.0" encoding="UTF-8"?>
<!-- Generated by org.testng.reporters.JUnitReportReporter -->
<testsuite hostname="DESKTOP-81ARGGN" failures="0" tests="2" name="com.google.openemrtest.LoginTest" time="43.412" errors="0" timestamp="2021-06-23T20:29:48 IST" skipped="0">
  <testcase classname="com.google.openemrtest.LoginTest" name="validCredentialTest" time="29.362"/>
  <system-out/>
  <testcase classname="com.google.openemrtest.LoginTest" name="validCredentialTest" time="14.050"/>
  <system-out/>
</testsuite> <!-- com.google.openemrtest.LoginTest -->
