<?xml version="1.0" encoding="UTF-8"?>
<!-- Generated by org.testng.reporters.JUnitReportReporter -->
<testsuite hostname="DESKTOP-81ARGGN" failures="0" tests="3" name="com.google.openemrtest.DemoTest" time="5.638" errors="0" timestamp="2021-06-23T20:16:37 IST" skipped="0">
  <testcase classname="com.google.openemrtest.DemoTest" name="validTest" time="0.651"/>
  <system-out/>
  <testcase classname="com.google.openemrtest.DemoTest" name="validTest" time="0.933"/>
  <system-out/>
  <testcase classname="com.google.openemrtest.DemoTest" name="validTest" time="4.054"/>
  <system-out/>
</testsuite> <!-- com.google.openemrtest.DemoTest -->
