<?xml version="1.0" encoding="UTF-8"?>
<!-- Generated by org.testng.reporters.JUnitReportReporter -->
<testsuite hostname="DESKTOP-81ARGGN" failures="0" tests="1" name="com.google.openemrtest.LoginTest" time="14.548" errors="0" timestamp="2021-06-23T19:46:39 IST" skipped="0">
  <testcase classname="com.google.openemrtest.LoginTest" name="validCredentialTest" time="14.548"/>
  <system-out/>
</testsuite> <!-- com.google.openemrtest.LoginTest -->
