<?xml version="1.0" encoding="UTF-8"?>
<!-- Generated by org.testng.reporters.JUnitReportReporter -->
<testsuite hostname="DESKTOP-81ARGGN" failures="0" tests="4" name="com.google.openemrtest.DemoTest" time="0.052" errors="0" timestamp="2021-06-23T20:20:50 IST" skipped="0">
  <testcase classname="com.google.openemrtest.DemoTest" name="validTest" time="0.016"/>
  <system-out/>
  <testcase classname="com.google.openemrtest.DemoTest" name="validTest" time="0.012"/>
  <system-out/>
  <testcase classname="com.google.openemrtest.DemoTest" name="validTest" time="0.017"/>
  <system-out/>
  <testcase classname="com.google.openemrtest.DemoTest" name="validTest" time="0.007"/>
  <system-out/>
</testsuite> <!-- com.google.openemrtest.DemoTest -->
